[2025-06-12 16:28:40] local.INFO: Form submitted successfully {"form_id":6,"submitted_form_id":67,"generate_pdf":false,"send_pdf_email":false} 
[2025-06-12 16:29:56] local.INFO: Form submitted successfully {"form_id":7,"submitted_form_id":68,"generate_pdf":true,"send_pdf_email":true} 
[2025-06-12 16:29:56] local.INFO: Starting PDF generation for form: Prueba de Acceso  
[2025-06-12 16:29:56] local.INFO: Decoded form_estructura_json from string to array  
[2025-06-12 16:29:56] local.INFO: Form structure type: array  
[2025-06-12 16:29:56] local.INFO: Processing form data for PDF {"submissionData":{"0b322f41-e5c0-4c0a-9c95-9fb24b113577":"Carlos Alvarez","373cfb5d-a8a3-43fa-845a-d2212b6eb656":"carlos.alvarez@greenex.cl","ad9d5724-f3c4-4d2d-937f-60e5a69559c9":"56914725836","ef9b4b01-3733-4173-9716-3dfa9b16add2":"2025-06-10T04:00:00.000Z","7a59c814-3eea-442f-ac46-0202a49d2e80":"https://devkpture.test/storage/photos/59df3ca1-1de5-4145-b354-5104ffbb3871.jpg","83f1006a-42ad-4b38-83dc-a8258ab20eb0":"CE","335f6a35-07e6-40a2-82a8-d5200645bdb9":"AR"},"formStructure":[{"id":"0b322f41-e5c0-4c0a-9c95-9fb24b113577","type":"text","props":{"label":"Nombre","placeholder":"Ingrese nombre completo","required":true},"validation":[],"options":[],"conditionalRules":[]},{"id":"373cfb5d-a8a3-43fa-845a-d2212b6eb656","type":"email","props":{"label":"Correo Electrónico","placeholder":"ejemplo@dominio.com"},"validation":[],"options":[],"conditionalRules":[]},{"id":"ad9d5724-f3c4-4d2d-937f-60e5a69559c9","type":"phone","props":{"label":"Número de Teléfono","placeholder":""},"validation":[],"options":[],"conditionalRules":[]},{"id":"ef9b4b01-3733-4173-9716-3dfa9b16add2","type":"date","props":{"label":"Selector de Fecha"},"validation":[],"options":[],"conditionalRules":[]},{"id":"7a59c814-3eea-442f-ac46-0202a49d2e80","type":"photo","props":{"label":"Tomar Foto"},"validation":[],"options":[],"conditionalRules":[]},{"id":"83f1006a-42ad-4b38-83dc-a8258ab20eb0","type":"select","props":{"label":"Tipo de Documento"},"validation":[],"options":[{"value":"opcion1","label":"Opción 1"},{"value":"opcion2","label":"Opción 2"}],"conditionalRules":[],"entityName":"TiposDeDocumento"},{"id":"335f6a35-07e6-40a2-82a8-d5200645bdb9","type":"select","props":{"label":"País"},"validation":[],"options":[{"value":"opcion1","label":"Opción 1"},{"value":"opcion2","label":"Opción 2"}],"conditionalRules":[],"entityName":"Paises"}]} 
[2025-06-12 16:29:56] local.INFO: Form data processed for PDF generation {"processed_fields":"[{\"id\":\"0b322f41-e5c0-4c0a-9c95-9fb24b113577\",\"label\":\"0b322f41 e5c0 4c0a 9c95 9fb24b113577\",\"value\":\"Carlos Alvarez\",\"type\":\"text\",\"section\":null},{\"id\":\"373cfb5d-a8a3-43fa-845a-d2212b6eb656\",\"label\":\"373cfb5d a8a3 43fa 845a d2212b6eb656\",\"value\":\"carlos.alvarez@greenex.cl\",\"type\":\"text\",\"section\":null},{\"id\":\"ad9d5724-f3c4-4d2d-937f-60e5a69559c9\",\"label\":\"Ad9d5724 f3c4 4d2d 937f 60e5a69559c9\",\"value\":\"56914725836\",\"type\":\"text\",\"section\":null},{\"id\":\"ef9b4b01-3733-4173-9716-3dfa9b16add2\",\"label\":\"Ef9b4b01 3733 4173 9716 3dfa9b16add2\",\"value\":\"2025-06-10T04:00:00.000Z\",\"type\":\"text\",\"section\":null},{\"id\":\"7a59c814-3eea-442f-ac46-0202a49d2e80\",\"label\":\"7a59c814 3eea 442f ac46 0202a49d2e80\",\"value\":\"https:\\/\\/devkpture.test\\/storage\\/photos\\/59df3ca1-1de5-4145-b354-5104ffbb3871.jpg\",\"type\":\"text\",\"section\":null},{\"id\":\"83f1006a-42ad-4b38-83dc-a8258ab20eb0\",\"label\":\"83f1006a 42ad 4b38 83dc a8258ab20eb0\",\"value\":\"CE\",\"type\":\"text\",\"section\":null},{\"id\":\"335f6a35-07e6-40a2-82a8-d5200645bdb9\",\"label\":\"335f6a35 07e6 40a2 82a8 d5200645bdb9\",\"value\":\"AR\",\"type\":\"text\",\"section\":null}]","sections":0,"ungrouped_fields":7} 
[2025-06-12 16:29:56] local.INFO: PDF generated successfully at: C:\Users\Lenovo\Herd\devkpture\storage\app/private\temp/form_pdfs/formulario_completado_prueba-de-acceso_20250612162956.pdf  
[2025-06-12 16:29:56] local.INFO: Starting email sending process {"recipients":["carlos.alvarez@greenex.cl","calvarle@gmail.com"],"pdf_path":"C:\\Users\\Lenovo\\Herd\\devkpture\\storage\\app/private\\temp/form_pdfs/formulario_completado_prueba-de-acceso_20250612162956.pdf"} 
[2025-06-12 16:29:59] local.INFO: Email sent successfully to: carlos.alvarez@greenex.cl  
[2025-06-12 16:30:00] local.INFO: Email sent successfully to: calvarle@gmail.com  
[2025-06-12 16:30:00] local.INFO: PDF file kept for debugging: C:\Users\Lenovo\Herd\devkpture\storage\app/private\temp/form_pdfs/formulario_completado_prueba-de-acceso_20250612162956.pdf  
[2025-06-12 16:37:43] local.INFO: Form submitted successfully {"form_id":7,"submitted_form_id":69,"generate_pdf":true,"send_pdf_email":true} 
[2025-06-12 16:37:43] local.INFO: Starting PDF generation for form: Prueba de Acceso  
[2025-06-12 16:37:43] local.INFO: Decoded form_estructura_json from string to array  
[2025-06-12 16:37:43] local.INFO: Form structure for PDF processing {"structure_type":"array","structure_count":7,"submission_data_keys":["0b322f41-e5c0-4c0a-9c95-9fb24b113577","373cfb5d-a8a3-43fa-845a-d2212b6eb656","ad9d5724-f3c4-4d2d-937f-60e5a69559c9","ef9b4b01-3733-4173-9716-3dfa9b16add2"]} 
[2025-06-12 16:37:43] local.INFO: Created field map {"total_fields":7,"field_ids":["0b322f41-e5c0-4c0a-9c95-9fb24b113577","373cfb5d-a8a3-43fa-845a-d2212b6eb656","ad9d5724-f3c4-4d2d-937f-60e5a69559c9","ef9b4b01-3733-4173-9716-3dfa9b16add2","7a59c814-3eea-442f-ac46-0202a49d2e80","83f1006a-42ad-4b38-83dc-a8258ab20eb0","335f6a35-07e6-40a2-82a8-d5200645bdb9"]} 
[2025-06-12 16:37:43] local.INFO: Processing form data for PDF {"submission_fields":["0b322f41-e5c0-4c0a-9c95-9fb24b113577","373cfb5d-a8a3-43fa-845a-d2212b6eb656","ad9d5724-f3c4-4d2d-937f-60e5a69559c9","ef9b4b01-3733-4173-9716-3dfa9b16add2"],"structure_fields":["0b322f41-e5c0-4c0a-9c95-9fb24b113577","373cfb5d-a8a3-43fa-845a-d2212b6eb656","ad9d5724-f3c4-4d2d-937f-60e5a69559c9","ef9b4b01-3733-4173-9716-3dfa9b16add2","7a59c814-3eea-442f-ac46-0202a49d2e80","83f1006a-42ad-4b38-83dc-a8258ab20eb0","335f6a35-07e6-40a2-82a8-d5200645bdb9"],"field_map_count":7} 
[2025-06-12 16:37:43] local.DEBUG: Processed field {"id":"0b322f41-e5c0-4c0a-9c95-9fb24b113577","label":"Nombre","type":"text"} 
[2025-06-12 16:37:43] local.DEBUG: Processed field {"id":"373cfb5d-a8a3-43fa-845a-d2212b6eb656","label":"Correo Electrónico","type":"email"} 
[2025-06-12 16:37:43] local.DEBUG: Processed field {"id":"ad9d5724-f3c4-4d2d-937f-60e5a69559c9","label":"Número de Teléfono","type":"phone"} 
[2025-06-12 16:37:43] local.DEBUG: Processed field {"id":"ef9b4b01-3733-4173-9716-3dfa9b16add2","label":"Selector de Fecha","type":"date"} 
[2025-06-12 16:37:43] local.INFO: Form data processed for PDF generation {"processed_fields":4,"sections":0,"ungrouped_fields":4} 
[2025-06-12 16:37:44] local.INFO: PDF generated successfully at: C:\Users\Lenovo\Herd\devkpture\storage\app/private\temp/form_pdfs/formulario_completado_prueba-de-acceso_20250612163743.pdf  
[2025-06-12 16:37:44] local.INFO: Starting email sending process {"recipients":["carlos.alvarez@greenex.cl","calvarle@gmail.com"],"pdf_path":"C:\\Users\\Lenovo\\Herd\\devkpture\\storage\\app/private\\temp/form_pdfs/formulario_completado_prueba-de-acceso_20250612163743.pdf"} 
[2025-06-12 16:37:44] local.INFO: Created field map {"total_fields":7,"field_ids":["0b322f41-e5c0-4c0a-9c95-9fb24b113577","373cfb5d-a8a3-43fa-845a-d2212b6eb656","ad9d5724-f3c4-4d2d-937f-60e5a69559c9","ef9b4b01-3733-4173-9716-3dfa9b16add2","7a59c814-3eea-442f-ac46-0202a49d2e80","83f1006a-42ad-4b38-83dc-a8258ab20eb0","335f6a35-07e6-40a2-82a8-d5200645bdb9"]} 
[2025-06-12 16:37:44] local.INFO: Processing form data for PDF {"submission_fields":["0b322f41-e5c0-4c0a-9c95-9fb24b113577","373cfb5d-a8a3-43fa-845a-d2212b6eb656","ad9d5724-f3c4-4d2d-937f-60e5a69559c9","ef9b4b01-3733-4173-9716-3dfa9b16add2"],"structure_fields":["0b322f41-e5c0-4c0a-9c95-9fb24b113577","373cfb5d-a8a3-43fa-845a-d2212b6eb656","ad9d5724-f3c4-4d2d-937f-60e5a69559c9","ef9b4b01-3733-4173-9716-3dfa9b16add2","7a59c814-3eea-442f-ac46-0202a49d2e80","83f1006a-42ad-4b38-83dc-a8258ab20eb0","335f6a35-07e6-40a2-82a8-d5200645bdb9"],"field_map_count":7} 
[2025-06-12 16:37:44] local.DEBUG: Processed field {"id":"0b322f41-e5c0-4c0a-9c95-9fb24b113577","label":"Nombre","type":"text"} 
[2025-06-12 16:37:44] local.DEBUG: Processed field {"id":"373cfb5d-a8a3-43fa-845a-d2212b6eb656","label":"Correo Electrónico","type":"email"} 
[2025-06-12 16:37:44] local.DEBUG: Processed field {"id":"ad9d5724-f3c4-4d2d-937f-60e5a69559c9","label":"Número de Teléfono","type":"phone"} 
[2025-06-12 16:37:44] local.DEBUG: Processed field {"id":"ef9b4b01-3733-4173-9716-3dfa9b16add2","label":"Selector de Fecha","type":"date"} 
[2025-06-12 16:37:46] local.INFO: Email sent successfully to: carlos.alvarez@greenex.cl  
[2025-06-12 16:37:47] local.INFO: Email sent successfully to: calvarle@gmail.com  
[2025-06-12 16:37:47] local.INFO: PDF file kept for debugging: C:\Users\Lenovo\Herd\devkpture\storage\app/private\temp/form_pdfs/formulario_completado_prueba-de-acceso_20250612163743.pdf  
[2025-06-12 16:38:10] local.INFO: Form submitted successfully {"form_id":7,"submitted_form_id":70,"generate_pdf":true,"send_pdf_email":true} 
[2025-06-12 16:38:10] local.INFO: Starting PDF generation for form: Prueba de Acceso  
[2025-06-12 16:38:10] local.INFO: Decoded form_estructura_json from string to array  
[2025-06-12 16:38:10] local.INFO: Form structure for PDF processing {"structure_type":"array","structure_count":7,"submission_data_keys":["0b322f41-e5c0-4c0a-9c95-9fb24b113577","373cfb5d-a8a3-43fa-845a-d2212b6eb656","ad9d5724-f3c4-4d2d-937f-60e5a69559c9","ef9b4b01-3733-4173-9716-3dfa9b16add2","7a59c814-3eea-442f-ac46-0202a49d2e80","83f1006a-42ad-4b38-83dc-a8258ab20eb0","335f6a35-07e6-40a2-82a8-d5200645bdb9"]} 
[2025-06-12 16:38:10] local.INFO: Created field map {"total_fields":7,"field_ids":["0b322f41-e5c0-4c0a-9c95-9fb24b113577","373cfb5d-a8a3-43fa-845a-d2212b6eb656","ad9d5724-f3c4-4d2d-937f-60e5a69559c9","ef9b4b01-3733-4173-9716-3dfa9b16add2","7a59c814-3eea-442f-ac46-0202a49d2e80","83f1006a-42ad-4b38-83dc-a8258ab20eb0","335f6a35-07e6-40a2-82a8-d5200645bdb9"]} 
[2025-06-12 16:38:10] local.INFO: Processing form data for PDF {"submission_fields":["0b322f41-e5c0-4c0a-9c95-9fb24b113577","373cfb5d-a8a3-43fa-845a-d2212b6eb656","ad9d5724-f3c4-4d2d-937f-60e5a69559c9","ef9b4b01-3733-4173-9716-3dfa9b16add2","7a59c814-3eea-442f-ac46-0202a49d2e80","83f1006a-42ad-4b38-83dc-a8258ab20eb0","335f6a35-07e6-40a2-82a8-d5200645bdb9"],"structure_fields":["0b322f41-e5c0-4c0a-9c95-9fb24b113577","373cfb5d-a8a3-43fa-845a-d2212b6eb656","ad9d5724-f3c4-4d2d-937f-60e5a69559c9","ef9b4b01-3733-4173-9716-3dfa9b16add2","7a59c814-3eea-442f-ac46-0202a49d2e80","83f1006a-42ad-4b38-83dc-a8258ab20eb0","335f6a35-07e6-40a2-82a8-d5200645bdb9"],"field_map_count":7} 
[2025-06-12 16:38:10] local.DEBUG: Processed field {"id":"0b322f41-e5c0-4c0a-9c95-9fb24b113577","label":"Nombre","type":"text"} 
[2025-06-12 16:38:10] local.DEBUG: Processed field {"id":"373cfb5d-a8a3-43fa-845a-d2212b6eb656","label":"Correo Electrónico","type":"email"} 
[2025-06-12 16:38:10] local.DEBUG: Processed field {"id":"ad9d5724-f3c4-4d2d-937f-60e5a69559c9","label":"Número de Teléfono","type":"phone"} 
[2025-06-12 16:38:10] local.DEBUG: Processed field {"id":"ef9b4b01-3733-4173-9716-3dfa9b16add2","label":"Selector de Fecha","type":"date"} 
[2025-06-12 16:38:10] local.DEBUG: Processed field {"id":"7a59c814-3eea-442f-ac46-0202a49d2e80","label":"Tomar Foto","type":"photo"} 
[2025-06-12 16:38:10] local.DEBUG: Processed field {"id":"83f1006a-42ad-4b38-83dc-a8258ab20eb0","label":"Tipo de Documento","type":"select"} 
[2025-06-12 16:38:10] local.DEBUG: Processed field {"id":"335f6a35-07e6-40a2-82a8-d5200645bdb9","label":"País","type":"select"} 
[2025-06-12 16:38:10] local.INFO: Form data processed for PDF generation {"processed_fields":7,"sections":0,"ungrouped_fields":7} 
[2025-06-12 16:38:10] local.INFO: PDF generated successfully at: C:\Users\Lenovo\Herd\devkpture\storage\app/private\temp/form_pdfs/formulario_completado_prueba-de-acceso_20250612163810.pdf  
[2025-06-12 16:38:10] local.INFO: Starting email sending process {"recipients":["carlos.alvarez@greenex.cl","calvarle@gmail.com"],"pdf_path":"C:\\Users\\Lenovo\\Herd\\devkpture\\storage\\app/private\\temp/form_pdfs/formulario_completado_prueba-de-acceso_20250612163810.pdf"} 
[2025-06-12 16:38:10] local.INFO: Created field map {"total_fields":7,"field_ids":["0b322f41-e5c0-4c0a-9c95-9fb24b113577","373cfb5d-a8a3-43fa-845a-d2212b6eb656","ad9d5724-f3c4-4d2d-937f-60e5a69559c9","ef9b4b01-3733-4173-9716-3dfa9b16add2","7a59c814-3eea-442f-ac46-0202a49d2e80","83f1006a-42ad-4b38-83dc-a8258ab20eb0","335f6a35-07e6-40a2-82a8-d5200645bdb9"]} 
[2025-06-12 16:38:10] local.INFO: Processing form data for PDF {"submission_fields":["0b322f41-e5c0-4c0a-9c95-9fb24b113577","373cfb5d-a8a3-43fa-845a-d2212b6eb656","ad9d5724-f3c4-4d2d-937f-60e5a69559c9","ef9b4b01-3733-4173-9716-3dfa9b16add2","7a59c814-3eea-442f-ac46-0202a49d2e80","83f1006a-42ad-4b38-83dc-a8258ab20eb0","335f6a35-07e6-40a2-82a8-d5200645bdb9"],"structure_fields":["0b322f41-e5c0-4c0a-9c95-9fb24b113577","373cfb5d-a8a3-43fa-845a-d2212b6eb656","ad9d5724-f3c4-4d2d-937f-60e5a69559c9","ef9b4b01-3733-4173-9716-3dfa9b16add2","7a59c814-3eea-442f-ac46-0202a49d2e80","83f1006a-42ad-4b38-83dc-a8258ab20eb0","335f6a35-07e6-40a2-82a8-d5200645bdb9"],"field_map_count":7} 
[2025-06-12 16:38:10] local.DEBUG: Processed field {"id":"0b322f41-e5c0-4c0a-9c95-9fb24b113577","label":"Nombre","type":"text"} 
[2025-06-12 16:38:10] local.DEBUG: Processed field {"id":"373cfb5d-a8a3-43fa-845a-d2212b6eb656","label":"Correo Electrónico","type":"email"} 
[2025-06-12 16:38:10] local.DEBUG: Processed field {"id":"ad9d5724-f3c4-4d2d-937f-60e5a69559c9","label":"Número de Teléfono","type":"phone"} 
[2025-06-12 16:38:10] local.DEBUG: Processed field {"id":"ef9b4b01-3733-4173-9716-3dfa9b16add2","label":"Selector de Fecha","type":"date"} 
[2025-06-12 16:38:10] local.DEBUG: Processed field {"id":"7a59c814-3eea-442f-ac46-0202a49d2e80","label":"Tomar Foto","type":"photo"} 
[2025-06-12 16:38:10] local.DEBUG: Processed field {"id":"83f1006a-42ad-4b38-83dc-a8258ab20eb0","label":"Tipo de Documento","type":"select"} 
[2025-06-12 16:38:10] local.DEBUG: Processed field {"id":"335f6a35-07e6-40a2-82a8-d5200645bdb9","label":"País","type":"select"} 
[2025-06-12 16:38:14] local.INFO: Email sent successfully to: carlos.alvarez@greenex.cl  
[2025-06-12 16:38:14] local.INFO: Email sent successfully to: calvarle@gmail.com  
[2025-06-12 16:38:14] local.INFO: PDF file kept for debugging: C:\Users\Lenovo\Herd\devkpture\storage\app/private\temp/form_pdfs/formulario_completado_prueba-de-acceso_20250612163810.pdf  
[2025-06-12 16:44:22] local.INFO: Form submitted successfully {"form_id":7,"submitted_form_id":71,"generate_pdf":true,"send_pdf_email":true} 
[2025-06-12 16:44:22] local.INFO: Decoded form_estructura_json from string to array  
[2025-06-12 16:44:22] local.INFO: Starting PDF generation for form: Prueba de Acceso  
[2025-06-12 16:44:22] local.INFO: Form structure for PDF processing {"structure_type":"array","structure_count":7,"submission_data_keys":["0b322f41-e5c0-4c0a-9c95-9fb24b113577","373cfb5d-a8a3-43fa-845a-d2212b6eb656","ad9d5724-f3c4-4d2d-937f-60e5a69559c9","ef9b4b01-3733-4173-9716-3dfa9b16add2","7a59c814-3eea-442f-ac46-0202a49d2e80","83f1006a-42ad-4b38-83dc-a8258ab20eb0","335f6a35-07e6-40a2-82a8-d5200645bdb9"]} 
[2025-06-12 16:44:23] local.INFO: Created field map {"total_fields":7,"field_ids":["0b322f41-e5c0-4c0a-9c95-9fb24b113577","373cfb5d-a8a3-43fa-845a-d2212b6eb656","ad9d5724-f3c4-4d2d-937f-60e5a69559c9","ef9b4b01-3733-4173-9716-3dfa9b16add2","7a59c814-3eea-442f-ac46-0202a49d2e80","83f1006a-42ad-4b38-83dc-a8258ab20eb0","335f6a35-07e6-40a2-82a8-d5200645bdb9"]} 
[2025-06-12 16:44:23] local.INFO: Processing form data for pdf {"submission_fields":["0b322f41-e5c0-4c0a-9c95-9fb24b113577","373cfb5d-a8a3-43fa-845a-d2212b6eb656","ad9d5724-f3c4-4d2d-937f-60e5a69559c9","ef9b4b01-3733-4173-9716-3dfa9b16add2","7a59c814-3eea-442f-ac46-0202a49d2e80","83f1006a-42ad-4b38-83dc-a8258ab20eb0","335f6a35-07e6-40a2-82a8-d5200645bdb9"],"structure_fields":["0b322f41-e5c0-4c0a-9c95-9fb24b113577","373cfb5d-a8a3-43fa-845a-d2212b6eb656","ad9d5724-f3c4-4d2d-937f-60e5a69559c9","ef9b4b01-3733-4173-9716-3dfa9b16add2","7a59c814-3eea-442f-ac46-0202a49d2e80","83f1006a-42ad-4b38-83dc-a8258ab20eb0","335f6a35-07e6-40a2-82a8-d5200645bdb9"],"field_map_count":7} 
[2025-06-12 16:44:23] local.DEBUG: Processed field for pdf {"id":"0b322f41-e5c0-4c0a-9c95-9fb24b113577","label":"Nombre","type":"text"} 
[2025-06-12 16:44:23] local.DEBUG: Processed field for pdf {"id":"373cfb5d-a8a3-43fa-845a-d2212b6eb656","label":"Correo Electrónico","type":"email"} 
[2025-06-12 16:44:23] local.DEBUG: Processed field for pdf {"id":"ad9d5724-f3c4-4d2d-937f-60e5a69559c9","label":"Número de Teléfono","type":"phone"} 
[2025-06-12 16:44:23] local.DEBUG: Processed field for pdf {"id":"ef9b4b01-3733-4173-9716-3dfa9b16add2","label":"Selector de Fecha","type":"date"} 
[2025-06-12 16:44:23] local.DEBUG: Processed field for pdf {"id":"7a59c814-3eea-442f-ac46-0202a49d2e80","label":"Tomar Foto","type":"photo"} 
[2025-06-12 16:44:23] local.DEBUG: Processed field for pdf {"id":"83f1006a-42ad-4b38-83dc-a8258ab20eb0","label":"Tipo de Documento","type":"select"} 
[2025-06-12 16:44:23] local.DEBUG: Processed field for pdf {"id":"335f6a35-07e6-40a2-82a8-d5200645bdb9","label":"País","type":"select"} 
[2025-06-12 16:44:23] local.INFO: Form data processed for PDF generation {"processed_fields":7,"sections":0,"ungrouped_fields":7} 
[2025-06-12 16:44:23] local.INFO: PDF generated successfully at: C:\Users\Lenovo\Herd\devkpture\storage\app/private\temp/form_pdfs/formulario_completado_prueba-de-acceso_20250612164423.pdf  
[2025-06-12 16:44:23] local.INFO: Starting email sending process {"recipients":["carlos.alvarez@greenex.cl","calvarle@gmail.com"],"pdf_path":"C:\\Users\\Lenovo\\Herd\\devkpture\\storage\\app/private\\temp/form_pdfs/formulario_completado_prueba-de-acceso_20250612164423.pdf"} 
[2025-06-12 16:44:23] local.INFO: Created field map {"total_fields":7,"field_ids":["0b322f41-e5c0-4c0a-9c95-9fb24b113577","373cfb5d-a8a3-43fa-845a-d2212b6eb656","ad9d5724-f3c4-4d2d-937f-60e5a69559c9","ef9b4b01-3733-4173-9716-3dfa9b16add2","7a59c814-3eea-442f-ac46-0202a49d2e80","83f1006a-42ad-4b38-83dc-a8258ab20eb0","335f6a35-07e6-40a2-82a8-d5200645bdb9"]} 
[2025-06-12 16:44:23] local.INFO: Processing form data for email {"submission_fields":["0b322f41-e5c0-4c0a-9c95-9fb24b113577","373cfb5d-a8a3-43fa-845a-d2212b6eb656","ad9d5724-f3c4-4d2d-937f-60e5a69559c9","ef9b4b01-3733-4173-9716-3dfa9b16add2","7a59c814-3eea-442f-ac46-0202a49d2e80","83f1006a-42ad-4b38-83dc-a8258ab20eb0","335f6a35-07e6-40a2-82a8-d5200645bdb9"],"structure_fields":["0b322f41-e5c0-4c0a-9c95-9fb24b113577","373cfb5d-a8a3-43fa-845a-d2212b6eb656","ad9d5724-f3c4-4d2d-937f-60e5a69559c9","ef9b4b01-3733-4173-9716-3dfa9b16add2","7a59c814-3eea-442f-ac46-0202a49d2e80","83f1006a-42ad-4b38-83dc-a8258ab20eb0","335f6a35-07e6-40a2-82a8-d5200645bdb9"],"field_map_count":7} 
[2025-06-12 16:44:23] local.DEBUG: Processed field for email {"id":"0b322f41-e5c0-4c0a-9c95-9fb24b113577","label":"Nombre","type":"text"} 
[2025-06-12 16:44:23] local.DEBUG: Processed field for email {"id":"373cfb5d-a8a3-43fa-845a-d2212b6eb656","label":"Correo Electrónico","type":"email"} 
[2025-06-12 16:44:23] local.DEBUG: Processed field for email {"id":"ad9d5724-f3c4-4d2d-937f-60e5a69559c9","label":"Número de Teléfono","type":"phone"} 
[2025-06-12 16:44:23] local.DEBUG: Processed field for email {"id":"ef9b4b01-3733-4173-9716-3dfa9b16add2","label":"Selector de Fecha","type":"date"} 
[2025-06-12 16:44:23] local.DEBUG: Processed field for email {"id":"7a59c814-3eea-442f-ac46-0202a49d2e80","label":"Tomar Foto","type":"photo"} 
[2025-06-12 16:44:23] local.DEBUG: Processed field for email {"id":"83f1006a-42ad-4b38-83dc-a8258ab20eb0","label":"Tipo de Documento","type":"select"} 
[2025-06-12 16:44:23] local.DEBUG: Processed field for email {"id":"335f6a35-07e6-40a2-82a8-d5200645bdb9","label":"País","type":"select"} 
[2025-06-12 16:44:23] local.INFO: Email data processed {"email_fields":["Nombre","Correo Electrónico","Número de Teléfono","Selector de Fecha","Tomar Foto","Tipo de Documento","País"],"sample_data":{"Nombre":"Carlos Alvarez","Correo Electrónico":"carlos.alvarez@greenex.cl","Número de Teléfono":"2134234234"}} 
[2025-06-12 16:44:27] local.INFO: Email sent successfully to: carlos.alvarez@greenex.cl  
[2025-06-12 16:44:27] local.INFO: Email sent successfully to: calvarle@gmail.com  
[2025-06-12 16:44:28] local.INFO: PDF file kept for debugging: C:\Users\Lenovo\Herd\devkpture\storage\app/private\temp/form_pdfs/formulario_completado_prueba-de-acceso_20250612164423.pdf  
[2025-06-12 16:47:52] local.INFO: Form submitted successfully {"form_id":7,"submitted_form_id":72,"generate_pdf":true,"send_pdf_email":true} 
[2025-06-12 16:47:52] local.INFO: Decoded form_estructura_json from string to array  
[2025-06-12 16:47:52] local.INFO: Starting PDF generation for form: Prueba de Acceso  
[2025-06-12 16:47:52] local.INFO: Form structure for PDF processing {"structure_type":"array","structure_count":7,"submission_data_keys":["0b322f41-e5c0-4c0a-9c95-9fb24b113577","373cfb5d-a8a3-43fa-845a-d2212b6eb656","ad9d5724-f3c4-4d2d-937f-60e5a69559c9","ef9b4b01-3733-4173-9716-3dfa9b16add2","7a59c814-3eea-442f-ac46-0202a49d2e80","83f1006a-42ad-4b38-83dc-a8258ab20eb0","335f6a35-07e6-40a2-82a8-d5200645bdb9"]} 
[2025-06-12 16:47:52] local.INFO: Created field map {"total_fields":7,"field_ids":["0b322f41-e5c0-4c0a-9c95-9fb24b113577","373cfb5d-a8a3-43fa-845a-d2212b6eb656","ad9d5724-f3c4-4d2d-937f-60e5a69559c9","ef9b4b01-3733-4173-9716-3dfa9b16add2","7a59c814-3eea-442f-ac46-0202a49d2e80","83f1006a-42ad-4b38-83dc-a8258ab20eb0","335f6a35-07e6-40a2-82a8-d5200645bdb9"]} 
[2025-06-12 16:47:52] local.INFO: Processing form data for pdf {"submission_fields":["0b322f41-e5c0-4c0a-9c95-9fb24b113577","373cfb5d-a8a3-43fa-845a-d2212b6eb656","ad9d5724-f3c4-4d2d-937f-60e5a69559c9","ef9b4b01-3733-4173-9716-3dfa9b16add2","7a59c814-3eea-442f-ac46-0202a49d2e80","83f1006a-42ad-4b38-83dc-a8258ab20eb0","335f6a35-07e6-40a2-82a8-d5200645bdb9"],"structure_fields":["0b322f41-e5c0-4c0a-9c95-9fb24b113577","373cfb5d-a8a3-43fa-845a-d2212b6eb656","ad9d5724-f3c4-4d2d-937f-60e5a69559c9","ef9b4b01-3733-4173-9716-3dfa9b16add2","7a59c814-3eea-442f-ac46-0202a49d2e80","83f1006a-42ad-4b38-83dc-a8258ab20eb0","335f6a35-07e6-40a2-82a8-d5200645bdb9"],"field_map_count":7} 
[2025-06-12 16:47:52] local.DEBUG: Processed field for pdf {"id":"0b322f41-e5c0-4c0a-9c95-9fb24b113577","label":"Nombre","type":"text"} 
[2025-06-12 16:47:52] local.DEBUG: Processed field for pdf {"id":"373cfb5d-a8a3-43fa-845a-d2212b6eb656","label":"Correo Electrónico","type":"email"} 
[2025-06-12 16:47:52] local.DEBUG: Processed field for pdf {"id":"ad9d5724-f3c4-4d2d-937f-60e5a69559c9","label":"Número de Teléfono","type":"phone"} 
[2025-06-12 16:47:52] local.DEBUG: Processed field for pdf {"id":"ef9b4b01-3733-4173-9716-3dfa9b16add2","label":"Selector de Fecha","type":"date"} 
[2025-06-12 16:47:52] local.DEBUG: Processed field for pdf {"id":"7a59c814-3eea-442f-ac46-0202a49d2e80","label":"Tomar Foto","type":"photo"} 
[2025-06-12 16:47:52] local.DEBUG: Processed field for pdf {"id":"83f1006a-42ad-4b38-83dc-a8258ab20eb0","label":"Tipo de Documento","type":"select"} 
[2025-06-12 16:47:52] local.DEBUG: Processed field for pdf {"id":"335f6a35-07e6-40a2-82a8-d5200645bdb9","label":"País","type":"select"} 
[2025-06-12 16:47:52] local.INFO: Form data processed for PDF generation {"processed_fields":7,"sections":0,"ungrouped_fields":7} 
[2025-06-12 16:47:52] local.INFO: PDF generated successfully at: C:\Users\Lenovo\Herd\devkpture\storage\app/private\temp/form_pdfs/formulario_completado_prueba-de-acceso_20250612164752.pdf  
[2025-06-12 16:47:52] local.INFO: Starting email sending process {"recipients":["carlos.alvarez@greenex.cl","calvarle@gmail.com","nadia.lell@greenex.cl"],"pdf_path":"C:\\Users\\Lenovo\\Herd\\devkpture\\storage\\app/private\\temp/form_pdfs/formulario_completado_prueba-de-acceso_20250612164752.pdf"} 
[2025-06-12 16:47:52] local.INFO: Created field map {"total_fields":7,"field_ids":["0b322f41-e5c0-4c0a-9c95-9fb24b113577","373cfb5d-a8a3-43fa-845a-d2212b6eb656","ad9d5724-f3c4-4d2d-937f-60e5a69559c9","ef9b4b01-3733-4173-9716-3dfa9b16add2","7a59c814-3eea-442f-ac46-0202a49d2e80","83f1006a-42ad-4b38-83dc-a8258ab20eb0","335f6a35-07e6-40a2-82a8-d5200645bdb9"]} 
[2025-06-12 16:47:52] local.INFO: Processing form data for email {"submission_fields":["0b322f41-e5c0-4c0a-9c95-9fb24b113577","373cfb5d-a8a3-43fa-845a-d2212b6eb656","ad9d5724-f3c4-4d2d-937f-60e5a69559c9","ef9b4b01-3733-4173-9716-3dfa9b16add2","7a59c814-3eea-442f-ac46-0202a49d2e80","83f1006a-42ad-4b38-83dc-a8258ab20eb0","335f6a35-07e6-40a2-82a8-d5200645bdb9"],"structure_fields":["0b322f41-e5c0-4c0a-9c95-9fb24b113577","373cfb5d-a8a3-43fa-845a-d2212b6eb656","ad9d5724-f3c4-4d2d-937f-60e5a69559c9","ef9b4b01-3733-4173-9716-3dfa9b16add2","7a59c814-3eea-442f-ac46-0202a49d2e80","83f1006a-42ad-4b38-83dc-a8258ab20eb0","335f6a35-07e6-40a2-82a8-d5200645bdb9"],"field_map_count":7} 
[2025-06-12 16:47:52] local.DEBUG: Processed field for email {"id":"0b322f41-e5c0-4c0a-9c95-9fb24b113577","label":"Nombre","type":"text"} 
[2025-06-12 16:47:52] local.DEBUG: Processed field for email {"id":"373cfb5d-a8a3-43fa-845a-d2212b6eb656","label":"Correo Electrónico","type":"email"} 
[2025-06-12 16:47:52] local.DEBUG: Processed field for email {"id":"ad9d5724-f3c4-4d2d-937f-60e5a69559c9","label":"Número de Teléfono","type":"phone"} 
[2025-06-12 16:47:52] local.DEBUG: Processed field for email {"id":"ef9b4b01-3733-4173-9716-3dfa9b16add2","label":"Selector de Fecha","type":"date"} 
[2025-06-12 16:47:52] local.DEBUG: Processed field for email {"id":"7a59c814-3eea-442f-ac46-0202a49d2e80","label":"Tomar Foto","type":"photo"} 
[2025-06-12 16:47:52] local.DEBUG: Processed field for email {"id":"83f1006a-42ad-4b38-83dc-a8258ab20eb0","label":"Tipo de Documento","type":"select"} 
[2025-06-12 16:47:52] local.DEBUG: Processed field for email {"id":"335f6a35-07e6-40a2-82a8-d5200645bdb9","label":"País","type":"select"} 
[2025-06-12 16:47:52] local.INFO: Email data processed {"email_fields":["Nombre","Correo Electrónico","Número de Teléfono","Selector de Fecha","Tomar Foto","Tipo de Documento","País"],"sample_data":{"Nombre":"qwe","Correo Electrónico":"qwe@dffdg.vl","Número de Teléfono":"2134234234"}} 
[2025-06-12 16:47:54] local.INFO: Email sent successfully to: carlos.alvarez@greenex.cl  
[2025-06-12 16:47:55] local.INFO: Email sent successfully to: calvarle@gmail.com  
[2025-06-12 16:47:55] local.INFO: Email sent successfully to: nadia.lell@greenex.cl  
[2025-06-12 16:47:55] local.INFO: PDF file kept for debugging: C:\Users\Lenovo\Herd\devkpture\storage\app/private\temp/form_pdfs/formulario_completado_prueba-de-acceso_20250612164752.pdf  
[2025-06-17 20:57:26] local.INFO: Form submitted successfully {"form_id":11,"submitted_form_id":73,"generate_pdf":false,"send_pdf_email":false} 
[2025-06-17 20:57:26] local.INFO: Decoded form_estructura_json from string to array  
[2025-06-17 20:57:43] local.INFO: Form submitted successfully {"form_id":11,"submitted_form_id":74,"generate_pdf":false,"send_pdf_email":false} 
[2025-06-17 20:57:43] local.INFO: Decoded form_estructura_json from string to array  
